#
# A fatal error has been detected by the Java Runtime Environment:
#
#  Internal Error (nmethod.cpp:1847), pid=5070, tid=2342214512
#  Error: guarantee(cont_offset != 0,"unhandled implicit exception in compiled code")
#
# JRE version: 6.0_18-b18
# Java VM: OpenJDK Server VM (16.0-b13 mixed mode linux-x86 )
# Derivative: IcedTea6 1.8.1
# Distribution: Ubuntu 10.04 LTS, package 6b18-1.8.1-0ubuntu1
# If you would like to submit a bug report, please include
# instructions how to reproduce the bug and visit:
#   https://bugs.launchpad.net/ubuntu/+source/openjdk-6/
#

---------------  T H R E A D  ---------------

Current thread (0x8b873c00):  JavaThread "AWT-EventQueue-0" [_thread_in_Java, id=5093, stack(0x8b965000,0x8b9b6000)]

Stack: [0x8b965000,0x8b9b6000],  sp=0x8b9b3e80,  free space=13b8b9b3ed4k
Native frames: (J=compiled Java code, j=interpreted, Vv=VM code, C=native code)
V  [libjvm.so+0x5eb585]
V  [libjvm.so+0x5eb7fc]
V  [libjvm.so+0x25acab]
V  [libjvm.so+0x4af440]
V  [libjvm.so+0x5367dd]
V  [libjvm.so+0x4cf312]
V  [libjvm.so+0x4c9446]


---------------  P R O C E S S  ---------------

Java Threads: ( => current thread )
  0x8b851c00 JavaThread "TimerQueue" daemon [_thread_blocked, id=5094, stack(0x8b49e000,0x8b4ef000)]
  0x08f78400 JavaThread "DestroyJavaVM" [_thread_blocked, id=5074, stack(0xb7800000,0xb7851000)]
=>0x8b873c00 JavaThread "AWT-EventQueue-0" [_thread_in_Java, id=5093, stack(0x8b965000,0x8b9b6000)]
  0x8b873400 JavaThread "AWT-Shutdown" [_thread_blocked, id=5092, stack(0x8bc49000,0x8bc9a000)]
  0x8c316c00 JavaThread "AWT-XAWT" daemon [_thread_in_native, id=5086, stack(0x8bc9d000,0x8bcee000)]
  0x090c6800 JavaThread "Java2D Disposer" daemon [_thread_blocked, id=5085, stack(0x8bd5b000,0x8bdac000)]
  0x0901c400 JavaThread "Low Memory Detector" daemon [_thread_blocked, id=5083, stack(0x8be2d000,0x8be7e000)]
  0x09019000 JavaThread "CompilerThread1" daemon [_thread_blocked, id=5082, stack(0x8be7e000,0x8beff000)]
  0x09017000 JavaThread "CompilerThread0" daemon [_thread_blocked, id=5081, stack(0x8beff000,0x8bf80000)]
  0x09015800 JavaThread "Signal Dispatcher" daemon [_thread_blocked, id=5080, stack(0x8bf80000,0x8bfd1000)]
  0x09001400 JavaThread "Finalizer" daemon [_thread_blocked, id=5079, stack(0x8c017000,0x8c068000)]
  0x08fffc00 JavaThread "Reference Handler" daemon [_thread_blocked, id=5078, stack(0x8c068000,0x8c0b9000)]

Other Threads:
  0x08ffd000 VMThread [stack: 0x8c0b9000,0x8c13a000] [id=5077]
  0x0901e000 WatcherThread [stack: 0x8bdac000,0x8be2d000] [id=5084]

VM state:not at safepoint (normal execution)

VM Mutex/Monitor currently owned by a thread: None

Heap
 PSYoungGen      total 81408K, used 31261K [0xa9ca0000, 0xb0e20000, 0xb4740000)
  eden space 56960K, 16% used [0xa9ca0000,0xaa5e2998,0xad440000)
  from space 24448K, 89% used [0xaef20000,0xb0464b10,0xb0700000)
  to   space 27520K, 0% used [0xad440000,0xad440000,0xaef20000)
 PSOldGen        total 81664K, used 63132K [0x94740000, 0x99700000, 0xa9ca0000)
  object space 81664K, 77% used [0x94740000,0x984e7030,0x99700000)
 PSPermGen       total 23552K, used 13034K [0x8c740000, 0x8de40000, 0x94740000)
  object space 23552K, 55% used [0x8c740000,0x8d3faa38,0x8de40000)

Dynamic libraries:
00110000-00134000 r-xp 00000000 08:05 523681     /lib/tls/i686/cmov/libm-2.11.1.so
00134000-00135000 r--p 00023000 08:05 523681     /lib/tls/i686/cmov/libm-2.11.1.so
00135000-00136000 rw-p 00024000 08:05 523681     /lib/tls/i686/cmov/libm-2.11.1.so
00136000-00142000 r-xp 00000000 08:05 154110     /usr/lib/jvm/java-6-openjdk/jre/lib/i386/libverify.so
00142000-00143000 r--p 0000b000 08:05 154110     /usr/lib/jvm/java-6-openjdk/jre/lib/i386/libverify.so
00143000-00144000 rw-p 0000c000 08:05 154110     /usr/lib/jvm/java-6-openjdk/jre/lib/i386/libverify.so
00144000-0014b000 r-xp 00000000 08:05 154112     /usr/lib/jvm/java-6-openjdk/jre/lib/i386/native_threads/libhpi.so
0014b000-0014c000 r--p 00006000 08:05 154112     /usr/lib/jvm/java-6-openjdk/jre/lib/i386/native_threads/libhpi.so
0014c000-0014d000 rw-p 00007000 08:05 154112     /usr/lib/jvm/java-6-openjdk/jre/lib/i386/native_threads/libhpi.so
0014d000-00157000 r-xp 00000000 08:05 527763     /lib/tls/i686/cmov/libnss_files-2.11.1.so
00157000-00158000 r--p 00009000 08:05 527763     /lib/tls/i686/cmov/libnss_files-2.11.1.so
00158000-00159000 rw-p 0000a000 08:05 527763     /lib/tls/i686/cmov/libnss_files-2.11.1.so
00159000-001de000 r-xp 00000000 08:05 154084     /usr/lib/jvm/java-6-openjdk/jre/lib/i386/libawt.so
001de000-001df000 r--p 00084000 08:05 154084     /usr/lib/jvm/java-6-openjdk/jre/lib/i386/libawt.so
001df000-001e5000 rw-p 00085000 08:05 154084     /usr/lib/jvm/java-6-openjdk/jre/lib/i386/libawt.so
001e5000-0020a000 rw-p 00000000 00:00 0 
0020a000-0024f000 r-xp 00000000 08:05 155724     /usr/lib/jvm/java-6-openjdk/jre/lib/i386/xawt/libmawt.so
0024f000-00250000 r--p 00045000 08:05 155724     /usr/lib/jvm/java-6-openjdk/jre/lib/i386/xawt/libmawt.so
00250000-00252000 rw-p 00046000 08:05 155724     /usr/lib/jvm/java-6-openjdk/jre/lib/i386/xawt/libmawt.so
00252000-00253000 rw-p 00000000 00:00 0 
00253000-0025b000 r-xp 00000000 08:05 133715     /usr/lib/libXrender.so.1.3.0
0025b000-0025c000 r--p 00007000 08:05 133715     /usr/lib/libXrender.so.1.3.0
0025c000-0025d000 rw-p 00008000 08:05 133715     /usr/lib/libXrender.so.1.3.0
0025d000-00261000 r-xp 00000000 08:05 133721     /usr/lib/libXtst.so.6.1.0
00261000-00262000 r--p 00003000 08:05 133721     /usr/lib/libXtst.so.6.1.0
00262000-00263000 rw-p 00004000 08:05 133721     /usr/lib/libXtst.so.6.1.0
00263000-0026f000 r-xp 00000000 08:05 133701     /usr/lib/libXi.so.6.1.0
0026f000-00270000 r--p 0000c000 08:05 133701     /usr/lib/libXi.so.6.1.0
00270000-00271000 rw-p 0000d000 08:05 133701     /usr/lib/libXi.so.6.1.0
00271000-00273000 r-xp 00000000 08:05 133680     /usr/lib/libXau.so.6.0.0
00273000-00274000 r--p 00001000 08:05 133680     /usr/lib/libXau.so.6.0.0
00274000-00275000 rw-p 00002000 08:05 133680     /usr/lib/libXau.so.6.0.0
00275000-00279000 r-xp 00000000 08:05 133691     /usr/lib/libXdmcp.so.6.0.0
00279000-0027a000 r--p 00003000 08:05 133691     /usr/lib/libXdmcp.so.6.0.0
0027a000-0027b000 rw-p 00004000 08:05 133691     /usr/lib/libXdmcp.so.6.0.0
0027b000-002bf000 r-xp 00000000 08:05 154086     /usr/lib/jvm/java-6-openjdk/jre/lib/i386/libfontmanager.so
002bf000-002c1000 r--p 00043000 08:05 154086     /usr/lib/jvm/java-6-openjdk/jre/lib/i386/libfontmanager.so
002c1000-002c2000 rw-p 00045000 08:05 154086     /usr/lib/jvm/java-6-openjdk/jre/lib/i386/libfontmanager.so
002c2000-002c7000 rw-p 00000000 00:00 0 
002c7000-002e4000 r-xp 00000000 08:05 523516     /lib/libgcc_s.so.1
002e4000-002e5000 r--p 0001c000 08:05 523516     /lib/libgcc_s.so.1
002e5000-002e6000 rw-p 0001d000 08:05 523516     /lib/libgcc_s.so.1
002e6000-002e9000 r-xp 00000000 08:05 154081     /usr/lib/jvm/java-6-openjdk/jre/lib/i386/jli/libjli.so
002e9000-002ea000 r--p 00003000 08:05 154081     /usr/lib/jvm/java-6-openjdk/jre/lib/i386/jli/libjli.so
002ea000-002eb000 rw-p 00004000 08:05 154081     /usr/lib/jvm/java-6-openjdk/jre/lib/i386/jli/libjli.so
002eb000-0035c000 r-xp 00000000 08:05 132102     /usr/lib/libfreetype.so.6.3.22
0035c000-00360000 r--p 00070000 08:05 132102     /usr/lib/libfreetype.so.6.3.22
00360000-00361000 rw-p 00074000 08:05 132102     /usr/lib/libfreetype.so.6.3.22
00361000-00363000 r-xp 00000000 08:05 133703     /usr/lib/libXinerama.so.1.0.0
00363000-00364000 r--p 00001000 08:05 133703     /usr/lib/libXinerama.so.1.0.0
00364000-00365000 rw-p 00002000 08:05 133703     /usr/lib/libXinerama.so.1.0.0
00365000-00367000 r-xp 00000000 08:05 133685     /usr/lib/libXcomposite.so.1.0.0
00367000-00368000 r--p 00001000 08:05 133685     /usr/lib/libXcomposite.so.1.0.0
00368000-00369000 rw-p 00002000 08:05 133685     /usr/lib/libXcomposite.so.1.0.0
00369000-0036a000 r-xp 00000000 00:00 0          [vdso]
0036a000-00483000 r-xp 00000000 08:05 133676     /usr/lib/libX11.so.6.3.0
00483000-00484000 r--p 00118000 08:05 133676     /usr/lib/libX11.so.6.3.0
00484000-00486000 rw-p 00119000 08:05 133676     /usr/lib/libX11.so.6.3.0
00486000-00487000 rw-p 00000000 00:00 0 
00487000-0048f000 r-xp 00000000 08:05 133687     /usr/lib/libXcursor.so.1.0.2
0048f000-00490000 r--p 00007000 08:05 133687     /usr/lib/libXcursor.so.1.0.2
00490000-00491000 rw-p 00008000 08:05 133687     /usr/lib/libXcursor.so.1.0.2
00491000-00524000 r-xp 00000000 08:05 133009     /usr/lib/libgdk-x11-2.0.so.0.2000.1
00524000-00526000 r--p 00093000 08:05 133009     /usr/lib/libgdk-x11-2.0.so.0.2000.1
00526000-00527000 rw-p 00095000 08:05 133009     /usr/lib/libgdk-x11-2.0.so.0.2000.1
00527000-0052d000 r-xp 00000000 08:05 133713     /usr/lib/libXrandr.so.2.2.0
0052d000-0052e000 r--p 00005000 08:05 133713     /usr/lib/libXrandr.so.2.2.0
0052e000-0052f000 rw-p 00006000 08:05 133713     /usr/lib/libXrandr.so.2.2.0
0052f000-00547000 r-xp 00000000 08:05 133010     /usr/lib/libgdk_pixbuf-2.0.so.0.2000.1
00547000-00548000 r--p 00017000 08:05 133010     /usr/lib/libgdk_pixbuf-2.0.so.0.2000.1
00548000-00549000 rw-p 00018000 08:05 133010     /usr/lib/libgdk_pixbuf-2.0.so.0.2000.1
00549000-00553000 r-xp 00000000 08:05 134423     /usr/lib/libpangocairo-1.0.so.0.2800.0
00553000-00554000 r--p 00009000 08:05 134423     /usr/lib/libpangocairo-1.0.so.0.2800.0
00554000-00555000 rw-p 0000a000 08:05 134423     /usr/lib/libpangocairo-1.0.so.0.2800.0
00555000-00557000 r-xp 00000000 08:05 133689     /usr/lib/libXdamage.so.1.1.0
00557000-00558000 r--p 00001000 08:05 133689     /usr/lib/libXdamage.so.1.1.0
00558000-00559000 rw-p 00002000 08:05 133689     /usr/lib/libXdamage.so.1.1.0
00559000-0055c000 r-xp 00000000 08:05 130868     /usr/lib/libgmodule-2.0.so.0.2400.1
0055c000-0055d000 r--p 00002000 08:05 130868     /usr/lib/libgmodule-2.0.so.0.2400.1
0055d000-0055e000 rw-p 00003000 08:05 130868     /usr/lib/libgmodule-2.0.so.0.2400.1
0055f000-00583000 r-xp 00000000 08:05 154093     /usr/lib/jvm/java-6-openjdk/jre/lib/i386/libjava.so
00583000-00584000 r--p 00023000 08:05 154093     /usr/lib/jvm/java-6-openjdk/jre/lib/i386/libjava.so
00584000-00586000 rw-p 00024000 08:05 154093     /usr/lib/jvm/java-6-openjdk/jre/lib/i386/libjava.so
00586000-0059f000 r-xp 00000000 08:05 132950     /usr/lib/libatk-1.0.so.0.3009.1
0059f000-005a0000 ---p 00019000 08:05 132950     /usr/lib/libatk-1.0.so.0.3009.1
005a0000-005a1000 r--p 00019000 08:05 132950     /usr/lib/libatk-1.0.so.0.3009.1
005a1000-005a2000 rw-p 0001a000 08:05 132950     /usr/lib/libatk-1.0.so.0.3009.1
005a2000-00619000 r-xp 00000000 08:05 133813     /usr/lib/libcairo.so.2.10800.10
00619000-0061b000 r--p 00076000 08:05 133813     /usr/lib/libcairo.so.2.10800.10
0061b000-0061c000 rw-p 00078000 08:05 133813     /usr/lib/libcairo.so.2.10800.10
0061c000-00641000 r-xp 00000000 08:05 134425     /usr/lib/libpangoft2-1.0.so.0.2800.0
00641000-00642000 r--p 00024000 08:05 134425     /usr/lib/libpangoft2-1.0.so.0.2800.0
00642000-00643000 rw-p 00025000 08:05 134425     /usr/lib/libpangoft2-1.0.so.0.2800.0
00643000-00683000 r-xp 00000000 08:05 134421     /usr/lib/libpango-1.0.so.0.2800.0
00683000-00684000 ---p 00040000 08:05 134421     /usr/lib/libpango-1.0.so.0.2800.0
00684000-00685000 r--p 00040000 08:05 134421     /usr/lib/libpango-1.0.so.0.2800.0
00685000-00686000 rw-p 00041000 08:05 134421     /usr/lib/libpango-1.0.so.0.2800.0
00686000-00688000 r-xp 00000000 08:05 142634     /usr/lib/pango/1.6.0/modules/pango-basic-fc.so
00688000-00689000 r--p 00001000 08:05 142634     /usr/lib/pango/1.6.0/modules/pango-basic-fc.so
00689000-0068a000 rw-p 00002000 08:05 142634     /usr/lib/pango/1.6.0/modules/pango-basic-fc.so
0068a000-00691000 r-xp 00000000 08:05 154111     /usr/lib/jvm/java-6-openjdk/jre/lib/i386/libzip.so
00691000-00692000 r--p 00006000 08:05 154111     /usr/lib/jvm/java-6-openjdk/jre/lib/i386/libzip.so
00692000-00693000 rw-p 00007000 08:05 154111     /usr/lib/jvm/java-6-openjdk/jre/lib/i386/libzip.so
00693000-006c1000 r-xp 00000000 08:05 133972     /usr/lib/libfontconfig.so.1.4.4
006c1000-006c2000 r--p 0002d000 08:05 133972     /usr/lib/libfontconfig.so.1.4.4
006c2000-006c3000 rw-p 0002e000 08:05 133972     /usr/lib/libfontconfig.so.1.4.4
006c3000-006cb000 r-xp 00000000 08:05 133984     /usr/lib/libfusion-1.2.so.0.8.0
006cb000-006cc000 r--p 00007000 08:05 133984     /usr/lib/libfusion-1.2.so.0.8.0
006cc000-006cd000 rw-p 00008000 08:05 133984     /usr/lib/libfusion-1.2.so.0.8.0
006cd000-006d0000 r-xp 00000000 08:05 134683     /usr/lib/libxcb-render-util.so.0.0.0
006d0000-006d1000 r--p 00002000 08:05 134683     /usr/lib/libxcb-render-util.so.0.0.0
006d1000-006d2000 rw-p 00003000 08:05 134683     /usr/lib/libxcb-render-util.so.0.0.0
006d5000-006ed000 r-xp 00000000 08:05 134687     /usr/lib/libxcb.so.1.1.0
006ed000-006ee000 r--p 00017000 08:05 134687     /usr/lib/libxcb.so.1.1.0
006ee000-006ef000 rw-p 00018000 08:05 134687     /usr/lib/libxcb.so.1.1.0
006ef000-00789000 r-xp 00000000 08:05 132924     /usr/lib/libgio-2.0.so.0.2400.1
00789000-0078a000 ---p 0009a000 08:05 132924     /usr/lib/libgio-2.0.so.0.2400.1
0078a000-0078b000 r--p 0009a000 08:05 132924     /usr/lib/libgio-2.0.so.0.2400.1
0078b000-0078c000 rw-p 0009b000 08:05 132924     /usr/lib/libgio-2.0.so.0.2400.1
0078c000-0078d000 rw-p 00000000 00:00 0 
0078d000-007ca000 r-xp 00000000 08:05 130867     /usr/lib/libgobject-2.0.so.0.2400.1
007ca000-007cb000 r--p 0003c000 08:05 130867     /usr/lib/libgobject-2.0.so.0.2400.1
007cb000-007cc000 rw-p 0003d000 08:05 130867     /usr/lib/libgobject-2.0.so.0.2400.1
007cc000-00823000 r-xp 00000000 08:05 134451     /usr/lib/libpixman-1.so.0.16.4
00823000-00825000 r--p 00057000 08:05 134451     /usr/lib/libpixman-1.so.0.16.4
00825000-00826000 rw-p 00059000 08:05 134451     /usr/lib/libpixman-1.so.0.16.4
00826000-0083a000 r-xp 00000000 08:05 133907     /usr/lib/libdirect-1.2.so.0.8.0
0083a000-0083b000 r--p 00013000 08:05 133907     /usr/lib/libdirect-1.2.so.0.8.0
0083b000-0083c000 rw-p 00014000 08:05 133907     /usr/lib/libdirect-1.2.so.0.8.0
0083c000-0085f000 r-xp 00000000 08:05 538873     /lib/libpng12.so.0.42.0
0085f000-00860000 r--p 00022000 08:05 538873     /lib/libpng12.so.0.42.0
00860000-00861000 rw-p 00023000 08:05 538873     /lib/libpng12.so.0.42.0
00861000-00867000 r-xp 00000000 08:05 134685     /usr/lib/libxcb-render.so.0.0.0
00867000-00868000 r--p 00005000 08:05 134685     /usr/lib/libxcb-render.so.0.0.0
00868000-00869000 rw-p 00006000 08:05 134685     /usr/lib/libxcb-render.so.0.0.0
00869000-0086c000 r-xp 00000000 08:05 133821     /usr/lib/libcanberra-gtk.so.0.1.5
0086c000-0086d000 r--p 00003000 08:05 133821     /usr/lib/libcanberra-gtk.so.0.1.5
0086d000-0086e000 rw-p 00004000 08:05 133821     /usr/lib/libcanberra-gtk.so.0.1.5
0086e000-00875000 r-xp 00000000 08:05 134650     /usr/lib/libvorbisfile.so.3.3.2
00875000-00876000 r--p 00006000 08:05 134650     /usr/lib/libvorbisfile.so.3.3.2
00876000-00877000 rw-p 00007000 08:05 134650     /usr/lib/libvorbisfile.so.3.3.2
0087a000-009cd000 r-xp 00000000 08:05 523596     /lib/tls/i686/cmov/libc-2.11.1.so
009cd000-009ce000 ---p 00153000 08:05 523596     /lib/tls/i686/cmov/libc-2.11.1.so
009ce000-009d0000 r--p 00153000 08:05 523596     /lib/tls/i686/cmov/libc-2.11.1.so
009d0000-009d1000 rw-p 00155000 08:05 523596     /lib/tls/i686/cmov/libc-2.11.1.so
009d1000-009d4000 rw-p 00000000 00:00 0 
009d4000-00a47000 r-xp 00000000 08:05 133909     /usr/lib/libdirectfb-1.2.so.0.8.0
00a47000-00a48000 ---p 00073000 08:05 133909     /usr/lib/libdirectfb-1.2.so.0.8.0
00a48000-00a49000 r--p 00073000 08:05 133909     /usr/lib/libdirectfb-1.2.so.0.8.0
00a49000-00a4a000 rw-p 00074000 08:05 133909     /usr/lib/libdirectfb-1.2.so.0.8.0
00a4a000-00a4b000 rw-p 00000000 00:00 0 
00a4b000-00a5b000 r-xp 00000000 08:05 528523     /lib/tls/i686/cmov/libresolv-2.11.1.so
00a5b000-00a5c000 r--p 00010000 08:05 528523     /lib/tls/i686/cmov/libresolv-2.11.1.so
00a5c000-00a5d000 rw-p 00011000 08:05 528523     /lib/tls/i686/cmov/libresolv-2.11.1.so
00a5d000-00a5f000 rw-p 00000000 00:00 0 
00a5f000-00a64000 r-xp 00000000 08:05 134404     /usr/lib/libogg.so.0.6.0
00a64000-00a65000 r--p 00004000 08:05 134404     /usr/lib/libogg.so.0.6.0
00a65000-00a66000 rw-p 00005000 08:05 134404     /usr/lib/libogg.so.0.6.0
00a66000-00a6d000 r-xp 00000000 08:05 134321     /usr/lib/libltdl.so.7.2.1
00a6d000-00a6e000 r--p 00006000 08:05 134321     /usr/lib/libltdl.so.7.2.1
00a6e000-00a6f000 rw-p 00007000 08:05 134321     /usr/lib/libltdl.so.7.2.1
00a74000-00a7b000 r-xp 00000000 08:05 530452     /lib/tls/i686/cmov/librt-2.11.1.so
00a7b000-00a7c000 r--p 00006000 08:05 530452     /lib/tls/i686/cmov/librt-2.11.1.so
00a7c000-00a7d000 rw-p 00007000 08:05 530452     /lib/tls/i686/cmov/librt-2.11.1.so
00a7d000-00aac000 r-xp 00000000 08:05 523574     /lib/libpcre.so.3.12.1
00aac000-00aad000 r--p 0002e000 08:05 523574     /lib/libpcre.so.3.12.1
00aad000-00aae000 rw-p 0002f000 08:05 523574     /lib/libpcre.so.3.12.1
00aae000-00ad2000 r-xp 00000000 08:05 523509     /lib/libexpat.so.1.5.2
00ad2000-00ad4000 r--p 00024000 08:05 523509     /lib/libexpat.so.1.5.2
00ad4000-00ad5000 rw-p 00026000 08:05 523509     /lib/libexpat.so.1.5.2
00ad5000-00afc000 r-xp 00000000 08:05 134646     /usr/lib/libvorbis.so.0.4.3
00afc000-00afd000 r--p 00026000 08:05 134646     /usr/lib/libvorbis.so.0.4.3
00afd000-00afe000 rw-p 00027000 08:05 134646     /usr/lib/libvorbis.so.0.4.3
00afe000-00b12000 r-xp 00000000 08:05 154104     /usr/lib/jvm/java-6-openjdk/jre/lib/i386/libnet.so
00b12000-00b13000 r--p 00013000 08:05 154104     /usr/lib/jvm/java-6-openjdk/jre/lib/i386/libnet.so
00b13000-00b14000 rw-p 00014000 08:05 154104     /usr/lib/jvm/java-6-openjdk/jre/lib/i386/libnet.so
00b14000-00b1b000 r-xp 00000000 08:05 154105     /usr/lib/jvm/java-6-openjdk/jre/lib/i386/libnio.so
00b1b000-00b1c000 r--p 00006000 08:05 154105     /usr/lib/jvm/java-6-openjdk/jre/lib/i386/libnio.so
00b1c000-00b1d000 rw-p 00007000 08:05 154105     /usr/lib/jvm/java-6-openjdk/jre/lib/i386/libnio.so
00b1f000-00b25000 r-xp 00000000 08:05 527598     /lib/tls/i686/cmov/libnss_compat-2.11.1.so
00b25000-00b26000 r--p 00006000 08:05 527598     /lib/tls/i686/cmov/libnss_compat-2.11.1.so
00b26000-00b27000 rw-p 00007000 08:05 527598     /lib/tls/i686/cmov/libnss_compat-2.11.1.so
00b27000-00b51000 r-xp 00000000 08:05 137984     /usr/lib/gtk-2.0/2.10.0/engines/libclearlooks.so
00b51000-00b52000 r--p 00029000 08:05 137984     /usr/lib/gtk-2.0/2.10.0/engines/libclearlooks.so
00b52000-00b53000 rw-p 0002a000 08:05 137984     /usr/lib/gtk-2.0/2.10.0/engines/libclearlooks.so
00b53000-00b58000 r-xp 00000000 08:05 138001     /usr/lib/gtk-2.0/2.10.0/immodules/im-ibus.so
00b58000-00b59000 r--p 00004000 08:05 138001     /usr/lib/gtk-2.0/2.10.0/immodules/im-ibus.so
00b59000-00b5a000 rw-p 00005000 08:05 138001     /usr/lib/gtk-2.0/2.10.0/immodules/im-ibus.so
00b5a000-00b6b000 r-xp 00000000 08:05 133207     /usr/lib/gio/modules/libgioremote-volume-monitor.so
00b6b000-00b6c000 r--p 00011000 08:05 133207     /usr/lib/gio/modules/libgioremote-volume-monitor.so
00b6c000-00b6d000 rw-p 00012000 08:05 133207     /usr/lib/gio/modules/libgioremote-volume-monitor.so
00b6e000-00b76000 r-xp 00000000 08:05 527785     /lib/tls/i686/cmov/libnss_nis-2.11.1.so
00b76000-00b77000 r--p 00007000 08:05 527785     /lib/tls/i686/cmov/libnss_nis-2.11.1.so
00b77000-00b78000 rw-p 00008000 08:05 527785     /lib/tls/i686/cmov/libnss_nis-2.11.1.so
00b7c000-00b8a000 r-xp 00000000 08:05 133693     /usr/lib/libXext.so.6.4.0
00b8a000-00b8b000 r--p 0000d000 08:05 133693     /usr/lib/libXext.so.6.4.0
00b8b000-00b8c000 rw-p 0000e000 08:05 133693     /usr/lib/libXext.so.6.4.0
00b8c000-00ba0000 r-xp 00000000 08:05 131947     /usr/lib/libgvfscommon.so.0.0.0
00ba0000-00ba1000 r--p 00013000 08:05 131947     /usr/lib/libgvfscommon.so.0.0.0
00ba1000-00ba2000 rw-p 00014000 08:05 131947     /usr/lib/libgvfscommon.so.0.0.0
00ba5000-00ba9000 r-xp 00000000 08:05 130872     /usr/lib/libgthread-2.0.so.0.2400.1
00ba9000-00baa000 r--p 00003000 08:05 130872     /usr/lib/libgthread-2.0.so.0.2400.1
00baa000-00bab000 rw-p 00004000 08:05 130872     /usr/lib/libgthread-2.0.so.0.2400.1
00bb6000-00bcb000 r-xp 00000000 08:05 527793     /lib/tls/i686/cmov/libpthread-2.11.1.so
00bcb000-00bcc000 r--p 00014000 08:05 527793     /lib/tls/i686/cmov/libpthread-2.11.1.so
00bcc000-00bcd000 rw-p 00015000 08:05 527793     /lib/tls/i686/cmov/libpthread-2.11.1.so
00bcd000-00bcf000 rw-p 00000000 00:00 0 
00bcf000-00c08000 r-xp 00000000 08:05 134236     /usr/lib/libibus.so.1.0.0
00c08000-00c09000 r--p 00039000 08:05 134236     /usr/lib/libibus.so.1.0.0
00c09000-00c0a000 rw-p 0003a000 08:05 134236     /usr/lib/libibus.so.1.0.0
00c0a000-00c14000 r-xp 00000000 08:05 523614     /lib/libudev.so.0.6.1
00c14000-00c15000 r--p 00009000 08:05 523614     /lib/libudev.so.0.6.1
00c15000-00c16000 rw-p 0000a000 08:05 523614     /lib/libudev.so.0.6.1
00c27000-00c29000 r-xp 00000000 08:05 523622     /lib/tls/i686/cmov/libdl-2.11.1.so
00c29000-00c2a000 r--p 00001000 08:05 523622     /lib/tls/i686/cmov/libdl-2.11.1.so
00c2a000-00c2b000 rw-p 00002000 08:05 523622     /lib/tls/i686/cmov/libdl-2.11.1.so
00c2c000-00c30000 r-xp 00000000 08:05 138037     /usr/lib/gtk-2.0/modules/libcanberra-gtk-module.so
00c30000-00c31000 ---p 00004000 08:05 138037     /usr/lib/gtk-2.0/modules/libcanberra-gtk-module.so
00c31000-00c32000 r--p 00004000 08:05 138037     /usr/lib/gtk-2.0/modules/libcanberra-gtk-module.so
00c32000-00c33000 rw-p 00005000 08:05 138037     /usr/lib/gtk-2.0/modules/libcanberra-gtk-module.so
00c33000-00c6a000 r-xp 00000000 08:05 523494     /lib/libdbus-1.so.3.4.0
00c6a000-00c6b000 r--p 00036000 08:05 523494     /lib/libdbus-1.so.3.4.0
00c6b000-00c6c000 rw-p 00037000 08:05 523494     /lib/libdbus-1.so.3.4.0
00c83000-00c96000 r-xp 00000000 08:05 523631     /lib/libz.so.1.2.3.3
00c96000-00c97000 r--p 00012000 08:05 523631     /lib/libz.so.1.2.3.3
00c97000-00c98000 rw-p 00013000 08:05 523631     /lib/libz.so.1.2.3.3
00cb3000-00cc0000 r-xp 00000000 08:05 134595     /usr/lib/libtdb.so.1.2.0
00cc0000-00cc1000 r--p 0000c000 08:05 134595     /usr/lib/libtdb.so.1.2.0
00cc1000-00cc2000 rw-p 0000d000 08:05 134595     /usr/lib/libtdb.so.1.2.0
00cca000-00cd8000 r-xp 00000000 08:05 133823     /usr/lib/libcanberra.so.0.2.1
00cd8000-00cd9000 r--p 0000d000 08:05 133823     /usr/lib/libcanberra.so.0.2.1
00cd9000-00cda000 rw-p 0000e000 08:05 133823     /usr/lib/libcanberra.so.0.2.1
00cef000-00cf3000 r-xp 00000000 08:05 133695     /usr/lib/libXfixes.so.3.1.0
00cf3000-00cf4000 r--p 00003000 08:05 133695     /usr/lib/libXfixes.so.3.1.0
00cf4000-00cf5000 rw-p 00004000 08:05 133695     /usr/lib/libXfixes.so.3.1.0
00cf5000-00d19000 r-xp 00000000 08:05 133208     /usr/lib/gio/modules/libgvfsdbus.so
00d19000-00d1a000 r--p 00023000 08:05 133208     /usr/lib/gio/modules/libgvfsdbus.so
00d1a000-00d1b000 rw-p 00024000 08:05 133208     /usr/lib/gio/modules/libgvfsdbus.so
00d2f000-00d42000 r-xp 00000000 08:05 527596     /lib/tls/i686/cmov/libnsl-2.11.1.so
00d42000-00d43000 r--p 00012000 08:05 527596     /lib/tls/i686/cmov/libnsl-2.11.1.so
00d43000-00d44000 rw-p 00013000 08:05 527596     /lib/tls/i686/cmov/libnsl-2.11.1.so
00d44000-00d46000 rw-p 00000000 00:00 0 
00d46000-00e0e000 r-xp 00000000 08:05 534367     /lib/libglib-2.0.so.0.2400.1
00e0e000-00e0f000 r--p 000c7000 08:05 534367     /lib/libglib-2.0.so.0.2400.1
00e0f000-00e10000 rw-p 000c8000 08:05 534367     /lib/libglib-2.0.so.0.2400.1
00e12000-00e2b000 r-xp 00000000 08:05 523598     /lib/libselinux.so.1
00e2b000-00e2c000 r--p 00018000 08:05 523598     /lib/libselinux.so.1
00e2c000-00e2d000 rw-p 00019000 08:05 523598     /lib/libselinux.so.1
00e96000-00eb1000 r-xp 00000000 08:05 527780     /lib/ld-2.11.1.so
00eb1000-00eb2000 r--p 0001a000 08:05 527780     /lib/ld-2.11.1.so
00eb2000-00eb3000 rw-p 0001b000 08:05 527780     /lib/ld-2.11.1.so
00eb3000-01515000 r-xp 00000000 08:05 154113     /usr/lib/jvm/java-6-openjdk/jre/lib/i386/server/libjvm.so
01515000-01559000 r--p 00661000 08:05 154113     /usr/lib/jvm/java-6-openjdk/jre/lib/i386/server/libjvm.so
01559000-01568000 rw-p 006a5000 08:05 154113     /usr/lib/jvm/java-6-openjdk/jre/lib/i386/server/libjvm.so
01568000-01986000 rw-p 00000000 00:00 0 
02401000-027ce000 r-xp 00000000 08:05 133008     /usr/lib/libgtk-x11-2.0.so.0.2000.1
027ce000-027d2000 r--p 003cd000 08:05 133008     /usr/lib/libgtk-x11-2.0.so.0.2000.1
027d2000-027d4000 rw-p 003d1000 08:05 133008     /usr/lib/libgtk-x11-2.0.so.0.2000.1
027d4000-027d6000 rw-p 00000000 00:00 0 
08048000-08051000 r-xp 00000000 08:05 155675     /usr/lib/jvm/java-6-openjdk/jre/bin/java
08051000-08052000 r--p 00008000 08:05 155675     /usr/lib/jvm/java-6-openjdk/jre/bin/java
08052000-08053000 rw-p 00009000 08:05 155675     /usr/lib/jvm/java-6-openjdk/jre/bin/java
08f72000-0a013000 rw-p 00000000 00:00 0          [heap]
8a500000-8a5ff000 rw-p 00000000 00:00 0 
8a5ff000-8a600000 ---p 00000000 00:00 0 
8a600000-8a6e7000 rw-p 00000000 00:00 0 
8a6e7000-8a700000 ---p 00000000 00:00 0 
8a700000-8a7b1000 rw-p 00000000 00:00 0 
8a7b1000-8a800000 ---p 00000000 00:00 0 
8a800000-8a8fc000 rw-p 00000000 00:00 0 
8a8fc000-8a900000 ---p 00000000 00:00 0 
8a900000-8a9ec000 rw-p 00000000 00:00 0 
8a9ec000-8aa00000 ---p 00000000 00:00 0 
8aa00000-8aaf9000 rw-p 00000000 00:00 0 
8aaf9000-8ab00000 ---p 00000000 00:00 0 
8ab00000-8abf9000 rw-p 00000000 00:00 0 
8abf9000-8ac00000 ---p 00000000 00:00 0 
8ac1a000-8ae20000 rw-p 00000000 00:00 0 
8b000000-8b0d2000 rw-p 00000000 00:00 0 
8b0d2000-8b100000 ---p 00000000 00:00 0 
8b200000-8b2e6000 rw-p 00000000 00:00 0 
8b2e6000-8b300000 ---p 00000000 00:00 0 
8b3c1000-8b421000 rw-s 00000000 00:04 108396575  /SYSV00000000 (deleted)
8b49e000-8b4a1000 ---p 00000000 00:00 0 
8b4a1000-8b4ef000 rw-p 00000000 00:00 0 
8b600000-8b6fa000 rw-p 00000000 00:00 0 
8b6fa000-8b700000 ---p 00000000 00:00 0 
8b800000-8b900000 rw-p 00000000 00:00 0 
8b95d000-8b962000 rw-s 00000000 00:04 110395428  /SYSV00000000 (deleted)
8b962000-8b965000 r--s 00077000 08:05 136626     /usr/lib/jvm/java-6-openjdk/jre/lib/ext/localedata.jar
8b965000-8b968000 ---p 00000000 00:00 0 
8b968000-8b9b6000 rw-p 00000000 00:00 0 
8b9b6000-8ba4e000 r--p 00000000 08:05 282970     /usr/share/fonts/truetype/ttf-dejavu/DejaVuSans.ttf
8ba4e000-8ba4f000 r--s 00000000 08:05 528224     /var/cache/fontconfig/c05880de57d1f5e948fdfacc138775d9-le32d4.cache-3
8ba4f000-8ba55000 r--s 00000000 08:05 528221     /var/cache/fontconfig/945677eb7aeaf62f1d50efc3fb3ec7d8-le32d4.cache-3
8ba55000-8ba57000 r--s 00000000 08:05 528222     /var/cache/fontconfig/99e8ed0e538f840c565b6ed5dad60d56-le32d4.cache-3
8ba57000-8ba5a000 r--s 00000000 08:05 528231     /var/cache/fontconfig/e383d7ea5fbe662a33d9b44caf393297-le32d4.cache-3
8ba5a000-8ba5b000 r--s 00000000 08:05 528232     /var/cache/fontconfig/e7071f4a29fa870f4323321c154eba04-le32d4.cache-3
8ba5b000-8ba5e000 r--s 00000000 08:05 528218     /var/cache/fontconfig/6eb3985aa4124903f6ff08ba781cd364-le32d4.cache-3
8ba5e000-8ba5f000 r--s 00000000 08:05 528214     /var/cache/fontconfig/4c73fe0c47614734b17d736dbde7580a-le32d4.cache-3
8ba5f000-8ba60000 r--s 00000000 08:05 528208     /var/cache/fontconfig/0d8c3b2ac0904cb8a57a757ad11a4a08-le32d4.cache-3
8ba60000-8ba61000 r--s 00000000 08:05 528216     /var/cache/fontconfig/6a53c69dea097a2d716e069445527da8-le32d4.cache-3
8ba61000-8ba65000 r--s 00000000 08:05 528223     /var/cache/fontconfig/a755afe4a08bf5b97852ceb7400b47bc-le32d4.cache-3
8ba65000-8ba6c000 r--s 00000000 08:05 532359     /var/cache/fontconfig/6d41288fd70b0be22e8c3a91e032eec0-le32d4.cache-3
8ba6c000-8ba77000 r--s 00000000 08:05 528209     /var/cache/fontconfig/0f34bcd4b6ee430af32735b75db7f02b-le32d4.cache-3
8ba77000-8ba7a000 r--s 00000000 08:05 528228     /var/cache/fontconfig/d60319d88cac85ba9e1a07bd06cfbb8c-le32d4.cache-3
8ba7a000-8ba7b000 r--s 00000000 08:05 528630     /var/cache/fontconfig/4794a0821666d79190d59a36cb4f44b5-le32d4.cache-3
8ba7b000-8ba83000 r--s 00000000 08:05 528227     /var/cache/fontconfig/d52a8644073d54c13679302ca1180695-le32d4.cache-3
8ba83000-8ba85000 r--s 00000000 08:05 527448     /var/cache/fontconfig/e13b20fdb08344e0e664864cc2ede53d-le32d4.cache-3
8ba85000-8ba88000 r--s 00000000 08:05 528220     /var/cache/fontconfig/7ef2298fde41cc6eeb7af42e48b7d293-le32d4.cache-3
8ba88000-8ba93000 r--p 00000000 08:05 395165     /usr/share/locale-langpack/lt/LC_MESSAGES/glib20.mo
8ba93000-8babb000 r--p 00000000 08:05 395084     /usr/share/locale-langpack/lt/LC_MESSAGES/gtk20-properties.mo
8babb000-8bacf000 r--p 00000000 08:05 395169     /usr/share/locale-langpack/lt/LC_MESSAGES/gtk20.mo
8bacf000-8bad0000 r--p 00000000 08:05 138543     /usr/lib/locale/lt_LT.utf8/LC_NUMERIC
8bad0000-8bad1000 r--p 00000000 08:05 277171     /usr/lib/locale/lt_LT.utf8/LC_TIME
8bad1000-8bbef000 r--p 00000000 08:05 279585     /usr/lib/locale/lt_LT.utf8/LC_COLLATE
8bbef000-8bbf0000 r--p 00000000 08:05 279586     /usr/lib/locale/lt_LT.utf8/LC_MONETARY
8bbf0000-8bbf1000 r--p 00000000 08:05 279587     /usr/lib/locale/lt_LT.utf8/LC_MESSAGES/SYS_LC_MESSAGES
8bbf1000-8bbf2000 r--p 00000000 08:05 138778     /usr/lib/locale/lt_LT.utf8/LC_PAPER
8bbf2000-8bbf3000 r--p 00000000 08:05 138776     /usr/lib/locale/lt_LT.utf8/LC_NAME
8bbf3000-8bbf4000 r--p 00000000 08:05 280160     /usr/lib/locale/lt_LT.utf8/LC_ADDRESS
8bbf4000-8bbf5000 r--p 00000000 08:05 295358     /usr/lib/locale/lt_LT.utf8/LC_TELEPHONE
8bbf5000-8bbf6000 r--p 00000000 08:05 138774     /usr/lib/locale/lt_LT.utf8/LC_MEASUREMENT
8bbf6000-8bbf7000 r--p 00000000 08:05 295359     /usr/lib/locale/lt_LT.utf8/LC_IDENTIFICATION
8bbf7000-8bbfa000 ---p 00000000 00:00 0 
8bbfa000-8bc48000 rw-p 00000000 00:00 0 
8bc48000-8bc49000 r--p 00000000 00:00 0 
8bc49000-8bc4c000 ---p 00000000 00:00 0 
8bc4c000-8bc9a000 rw-p 00000000 00:00 0 
8bc9a000-8bc9d000 r--s 0007a000 08:05 136644     /usr/lib/jvm/java-6-openjdk/jre/lib/jsse.jar
8bc9d000-8bca0000 ---p 00000000 00:00 0 
8bca0000-8bcee000 rw-p 00000000 00:00 0 
8bcee000-8bcef000 r--s 00000000 08:05 528224     /var/cache/fontconfig/c05880de57d1f5e948fdfacc138775d9-le32d4.cache-3
8bcef000-8bcf5000 r--s 00000000 08:05 528221     /var/cache/fontconfig/945677eb7aeaf62f1d50efc3fb3ec7d8-le32d4.cache-3
8bcf5000-8bcf7000 r--s 00000000 08:05 528222     /var/cache/fontconfig/99e8ed0e538f840c565b6ed5dad60d56-le32d4.cache-3
8bcf7000-8bcfa000 r--s 00000000 08:05 528231     /var/cache/fontconfig/e383d7ea5fbe662a33d9b44caf393297-le32d4.cache-3
8bcfa000-8bcfb000 r--s 00000000 08:05 528232     /var/cache/fontconfig/e7071f4a29fa870f4323321c154eba04-le32d4.cache-3
8bcfb000-8bcfe000 r--s 00000000 08:05 528218     /var/cache/fontconfig/6eb3985aa4124903f6ff08ba781cd364-le32d4.cache-3
8bcfe000-8bcff000 r--s 00000000 08:05 528214     /var/cache/fontconfig/4c73fe0c47614734b17d736dbde7580a-le32d4.cache-3
8bcff000-8bd00000 r--s 00000000 08:05 528208     /var/cache/fontconfig/0d8c3b2ac0904cb8a57a757ad11a4a08-le32d4.cache-3
8bd00000-8bd01000 r--s 00000000 08:05 528216     /var/cache/fontconfig/6a53c69dea097a2d716e069445527da8-le32d4.cache-3
8bd01000-8bd05000 r--s 00000000 08:05 528223     /var/cache/fontconfig/a755afe4a08bf5b97852ceb7400b47bc-le32d4.cache-3
8bd05000-8bd0c000 r--s 00000000 08:05 532359     /var/cache/fontconfig/6d41288fd70b0be22e8c3a91e032eec0-le32d4.cache-3
8bd0c000-8bd17000 r--s 00000000 08:05 528209     /var/cache/fontconfig/0f34bcd4b6ee430af32735b75db7f02b-le32d4.cache-3
8bd17000-8bd1a000 r--s 00000000 08:05 528228     /var/cache/fontconfig/d60319d88cac85ba9e1a07bd06cfbb8c-le32d4.cache-3
8bd1a000-8bd22000 r--s 00000000 08:05 528227     /var/cache/fontconfig/d52a8644073d54c13679302ca1180695-le32d4.cache-3
8bd22000-8bd24000 r--s 00000000 08:05 527448     /var/cache/fontconfig/e13b20fdb08344e0e664864cc2ede53d-le32d4.cache-3
8bd24000-8bd27000 r--s 00000000 08:05 528220     /var/cache/fontconfig/7ef2298fde41cc6eeb7af42e48b7d293-le32d4.cache-3
8bd27000-8bd28000 r--s 00000000 08:05 528224     /var/cache/fontconfig/c05880de57d1f5e948fdfacc138775d9-le32d4.cache-3
8bd28000-8bd2e000 r--s 00000000 08:05 528221     /var/cache/fontconfig/945677eb7aeaf62f1d50efc3fb3ec7d8-le32d4.cache-3
8bd2e000-8bd30000 r--s 00000000 08:05 528222     /var/cache/fontconfig/99e8ed0e538f840c565b6ed5dad60d56-le32d4.cache-3
8bd30000-8bd33000 r--s 00000000 08:05 528231     /var/cache/fontconfig/e383d7ea5fbe662a33d9b44caf393297-le32d4.cache-3
8bd33000-8bd34000 r--s 00000000 08:05 528232     /var/cache/fontconfig/e7071f4a29fa870f4323321c154eba04-le32d4.cache-3
8bd34000-8bd37000 r--s 00000000 08:05 528218     /var/cache/fontconfig/6eb3985aa4124903f6ff08ba781cd364-le32d4.cache-3
8bd37000-8bd38000 r--s 00000000 08:05 528214     /var/cache/fontconfig/4c73fe0c47614734b17d736dbde7580a-le32d4.cache-3
8bd38000-8bd39000 r--s 00000000 08:05 528208     /var/cache/fontconfig/0d8c3b2ac0904cb8a57a757ad11a4a08-le32d4.cache-3
8bd39000-8bd3a000 r--s 00000000 08:05 528216     /var/cache/fontconfig/6a53c69dea097a2d716e069445527da8-le32d4.cache-3
8bd3a000-8bd3e000 r--s 00000000 08:05 528223     /var/cache/fontconfig/a755afe4a08bf5b97852ceb7400b47bc-le32d4.cache-3
8bd3e000-8bd45000 r--s 00000000 08:05 532359     /var/cache/fontconfig/6d41288fd70b0be22e8c3a91e032eec0-le32d4.cache-3
8bd45000-8bd50000 r--s 00000000 08:05 528209     /var/cache/fontconfig/0f34bcd4b6ee430af32735b75db7f02b-le32d4.cache-3
8bd50000-8bd53000 r--s 00000000 08:05 528228     /var/cache/fontconfig/d60319d88cac85ba9e1a07bd06cfbb8c-le32d4.cache-3
8bd53000-8bd5b000 r--s 00000000 08:05 528227     /var/cache/fontconfig/d52a8644073d54c13679302ca1180695-le32d4.cache-3
8bd5b000-8bd5e000 ---p 00000000 00:00 0 
8bd5e000-8bdac000 rw-p 00000000 00:00 0 
8bdac000-8bdad000 ---p 00000000 00:00 0 
8bdad000-8be2d000 rw-p 00000000 00:00 0 
8be2d000-8be30000 ---p 00000000 00:00 0 
8be30000-8be7e000 rw-p 00000000 00:00 0 
8be7e000-8be81000 ---p 00000000 00:00 0 
8be81000-8beff000 rw-p 00000000 00:00 0 
8beff000-8bf02000 ---p 00000000 00:00 0 
8bf02000-8bf80000 rw-p 00000000 00:00 0 
8bf80000-8bf83000 ---p 00000000 00:00 0 
8bf83000-8bfd1000 rw-p 00000000 00:00 0 
8bfd1000-8bfd8000 r--s 00000000 08:05 138915     /usr/lib/gconv/gconv-modules.cache
8bfd8000-8c017000 r--p 00000000 08:05 138772     /usr/lib/locale/lt_LT.utf8/LC_CTYPE
8c017000-8c01a000 ---p 00000000 00:00 0 
8c01a000-8c068000 rw-p 00000000 00:00 0 
8c068000-8c06b000 ---p 00000000 00:00 0 
8c06b000-8c0b9000 rw-p 00000000 00:00 0 
8c0b9000-8c0ba000 ---p 00000000 00:00 0 
8c0ba000-8c16d000 rw-p 00000000 00:00 0 
8c16d000-8c300000 r--s 03918000 08:05 154077     /usr/lib/jvm/java-6-openjdk/jre/lib/rt.jar
8c300000-8c3fa000 rw-p 00000000 00:00 0 
8c3fa000-8c400000 ---p 00000000 00:00 0 
8c400000-8c401000 r--s 00000000 08:05 528630     /var/cache/fontconfig/4794a0821666d79190d59a36cb4f44b5-le32d4.cache-3
8c401000-8c402000 r--s 00000000 08:05 528630     /var/cache/fontconfig/4794a0821666d79190d59a36cb4f44b5-le32d4.cache-3
8c402000-8c409000 r--s 00101000 08:05 136649     /usr/lib/jvm/java-6-openjdk/jre/lib/resources.jar
8c409000-8c412000 r--s 00065000 08:05 313758     /usr/share/java/gnome-java-bridge.jar
8c412000-8c413000 ---p 00000000 00:00 0 
8c413000-8c493000 rw-p 00000000 00:00 0 
8c493000-8c494000 ---p 00000000 00:00 0 
8c494000-8c520000 rw-p 00000000 00:00 0 
8c520000-8c522000 ---p 00000000 00:00 0 
8c522000-8c554000 rw-p 00000000 00:00 0 
8c554000-8c57c000 rw-p 00000000 00:00 0 
8c57c000-8c5ff000 rw-p 00000000 00:00 0 
8c5ff000-8c60b000 rw-p 00000000 00:00 0 
8c60b000-8c60d000 ---p 00000000 00:00 0 
8c60d000-8c63f000 rw-p 00000000 00:00 0 
8c63f000-8c667000 rw-p 00000000 00:00 0 
8c667000-8c6e9000 rw-p 00000000 00:00 0 
8c6e9000-8c723000 rw-p 00000000 00:00 0 
8c723000-8c73f000 rw-p 00000000 00:00 0 
8c73f000-8de40000 rw-p 00000000 00:00 0 
8de40000-8e1c0000 ---p 00000000 00:00 0 
8e1c0000-94740000 rw-p 00000000 00:00 0 
94740000-99700000 rw-p 00000000 00:00 0 
99700000-a9ca0000 rw-p 00000000 00:00 0 
a9ca0000-b0e20000 rw-p 00000000 00:00 0 
b0e20000-b4740000 rw-p 00000000 00:00 0 
b4740000-b474a000 rw-p 00000000 00:00 0 
b474a000-b4800000 rw-p 00000000 00:00 0 
b4800000-b4a60000 rwxp 00000000 00:00 0 
b4a60000-b7800000 rw-p 00000000 00:00 0 
b7800000-b7803000 ---p 00000000 00:00 0 
b7803000-b7854000 rw-p 00000000 00:00 0 
b7854000-b7856000 r--s 00000000 08:05 527448     /var/cache/fontconfig/e13b20fdb08344e0e664864cc2ede53d-le32d4.cache-3
b7856000-b7859000 r--s 00000000 08:05 528220     /var/cache/fontconfig/7ef2298fde41cc6eeb7af42e48b7d293-le32d4.cache-3
b7859000-b785c000 r--s 0000f000 08:05 136629     /usr/lib/jvm/java-6-openjdk/jre/lib/ext/pulse-java.jar
b785c000-b7864000 rw-s 00000000 08:05 531666     /tmp/hsperfdata_darius/5070
b7864000-b7865000 rw-p 00000000 00:00 0 
b7865000-b7866000 r--p 00000000 00:00 0 
b7866000-b7868000 rw-p 00000000 00:00 0 
bff21000-bff36000 rw-p 00000000 00:00 0          [stack]

VM Arguments:
jvm_args: -Dfile.encoding=UTF-8 
java_command: LaboraiDemo.VykdymoParinkimas
Launcher Type: SUN_STANDARD

Environment Variables:
PATH=/usr/local/sbin:/usr/local/bin:/usr/sbin:/usr/bin:/sbin:/bin:/usr/games
USERNAME=darius
LD_LIBRARY_PATH=/usr/lib/jvm/java-6-openjdk/jre/lib/i386/server:/usr/lib/jvm/java-6-openjdk/jre/lib/i386:/usr/lib/jvm/java-6-openjdk/jre/../lib/i386:/usr/lib/jvm/java-6-openjdk/jre/lib/i386/client:/usr/lib/jvm/java-6-openjdk/jre/lib/i386:/usr/lib/jvm/java-6-openjdk/jre/../lib/i386
SHELL=/bin/bash
DISPLAY=:0.0

Signal Handlers:
SIGSEGV: [libjvm.so+0x5ec210], sa_mask[0]=0x7ffbfeff, sa_flags=0x10000004
SIGBUS: [libjvm.so+0x5ec210], sa_mask[0]=0x7ffbfeff, sa_flags=0x10000004
SIGFPE: [libjvm.so+0x4c9420], sa_mask[0]=0x7ffbfeff, sa_flags=0x10000004
SIGPIPE: SIG_IGN, sa_mask[0]=0x00001000, sa_flags=0x10000000
SIGXFSZ: [libjvm.so+0x4c9420], sa_mask[0]=0x7ffbfeff, sa_flags=0x10000004
SIGILL: [libjvm.so+0x4c9420], sa_mask[0]=0x7ffbfeff, sa_flags=0x10000004
SIGUSR1: SIG_DFL, sa_mask[0]=0x00000000, sa_flags=0x00000000
SIGUSR2: [libjvm.so+0x4c8b10], sa_mask[0]=0x00000004, sa_flags=0x10000004
SIGHUP: [libjvm.so+0x4cb2c0], sa_mask[0]=0x7ffbfeff, sa_flags=0x10000004
SIGINT: SIG_IGN, sa_mask[0]=0x00000000, sa_flags=0x00000000
SIGTERM: [libjvm.so+0x4cb2c0], sa_mask[0]=0x7ffbfeff, sa_flags=0x10000004
SIGQUIT: [libjvm.so+0x4cb2c0], sa_mask[0]=0x7ffbfeff, sa_flags=0x10000004


---------------  S Y S T E M  ---------------

OS:Ubuntu 10.04 (lucid)
uname:Linux 2.6.32-24-generic #41-Ubuntu SMP Thu Aug 19 01:12:52 UTC 2010 i686
libc:glibc 2.11.1 NPTL 2.11.1 
rlimit: STACK 8192k, CORE 0k, NPROC infinity, NOFILE 1024, AS infinity
load average:2,12 2,06 1,36

CPU:total 2 (2 cores per cpu, 1 threads per core) family 6 model 15 stepping 13, cmov, cx8, fxsr, mmx, sse, sse2, sse3, ssse3

Memory: 4k page, physical 2052428k(52788k free), swap 714852k(494396k free)

vm_info: OpenJDK Server VM (16.0-b13) for linux-x86 JRE (1.6.0_18-b18), built on Jul 27 2010 11:17:02 by "buildd" with gcc 4.4.3

time: Fri Aug 27 08:28:59 2010
elapsed time: 39 seconds

